Resource Usage Report
Part: lfe5u_25f-6

Register bits: 344 of 24288 (1%)
PIC Latch:       0
I/O cells:       7

Details:
ALU54B:         3
CCU2C:          187
EHXPLLL:        1
FD1S3AX:        159
FD1S3AY:        1
FD1S3IX:        184
GSR:            1
IB:             2
INV:            9
L6MUX21:        3
MULT18X18D:     6
OB:             5
ORCALUT4:       1491
PFUMX:          24
PLLREFCS:       1
PUR:            1
VHI:            15
VLO:            6
false:          9
